<?xml version="1.0" encoding="UTF-8"?>
<coverage generated="1716958404943" clover="3.2.0">
  <project timestamp="1716958404943" name="All files">
    <metrics statements="118" coveredstatements="117" conditionals="22" coveredconditionals="19" methods="33" coveredmethods="31" elements="173" coveredelements="167" complexity="0" loc="118" ncloc="118" packages="5" files="15" classes="15"/>
    <package name="Types">
      <metrics statements="2" coveredstatements="2" conditionals="0" coveredconditionals="0" methods="0" coveredmethods="0"/>
      <file name="FetcherTypes.ts" path="/Users/danielvega/Documents/FrontEndReact/BPReactNativeApp/src/Types/FetcherTypes.ts">
        <metrics statements="2" coveredstatements="2" conditionals="0" coveredconditionals="0" methods="0" coveredmethods="0"/>
        <line num="1" count="2" type="stmt"/>
        <line num="2" count="2" type="stmt"/>
      </file>
    </package>
    <package name="common">
      <metrics statements="12" coveredstatements="12" conditionals="2" coveredconditionals="2" methods="6" coveredmethods="6"/>
      <file name="AlertMessage.tsx" path="/Users/danielvega/Documents/FrontEndReact/BPReactNativeApp/src/common/AlertMessage.tsx">
        <metrics statements="6" coveredstatements="6" conditionals="0" coveredconditionals="0" methods="3" coveredmethods="3"/>
        <line num="4" count="2" type="stmt"/>
        <line num="12" count="2" type="stmt"/>
        <line num="19" count="6" type="stmt"/>
        <line num="20" count="6" type="stmt"/>
        <line num="21" count="1" type="stmt"/>
        <line num="25" count="2" type="stmt"/>
      </file>
      <file name="ProductElement.tsx" path="/Users/danielvega/Documents/FrontEndReact/BPReactNativeApp/src/common/ProductElement.tsx">
        <metrics statements="3" coveredstatements="3" conditionals="0" coveredconditionals="0" methods="1" coveredmethods="1"/>
        <line num="12" count="2" type="stmt"/>
        <line num="41" count="2" type="stmt"/>
        <line num="42" count="10" type="stmt"/>
      </file>
      <file name="ProductList.tsx" path="/Users/danielvega/Documents/FrontEndReact/BPReactNativeApp/src/common/ProductList.tsx">
        <metrics statements="3" coveredstatements="3" conditionals="2" coveredconditionals="2" methods="2" coveredmethods="2"/>
        <line num="6" count="1" type="stmt"/>
        <line num="7" count="4" type="cond" truecount="2" falsecount="0"/>
        <line num="14" count="9" type="stmt"/>
      </file>
    </package>
    <package name="components">
      <metrics statements="54" coveredstatements="53" conditionals="16" coveredconditionals="13" methods="11" coveredmethods="11"/>
      <file name="ProductDetailsLayout.tsx" path="/Users/danielvega/Documents/FrontEndReact/BPReactNativeApp/src/components/ProductDetailsLayout.tsx">
        <metrics statements="28" coveredstatements="27" conditionals="10" coveredconditionals="7" methods="5" coveredmethods="5"/>
        <line num="13" count="1" type="stmt"/>
        <line num="81" count="1" type="stmt"/>
        <line num="82" count="15" type="stmt"/>
        <line num="83" count="15" type="stmt"/>
        <line num="84" count="15" type="stmt"/>
        <line num="85" count="15" type="stmt"/>
        <line num="86" count="15" type="stmt"/>
        <line num="87" count="15" type="stmt"/>
        <line num="89" count="15" type="stmt"/>
        <line num="90" count="5" type="cond" truecount="1" falsecount="1"/>
        <line num="91" count="5" type="stmt"/>
        <line num="95" count="15" type="stmt"/>
        <line num="96" count="1" type="stmt"/>
        <line num="99" count="15" type="stmt"/>
        <line num="100" count="2" type="stmt"/>
        <line num="103" count="15" type="stmt"/>
        <line num="104" count="2" type="cond" truecount="1" falsecount="1"/>
        <line num="105" count="2" type="stmt"/>
        <line num="106" count="2" type="stmt"/>
        <line num="107" count="1" type="stmt"/>
        <line num="108" count="1" type="stmt"/>
        <line num="109" count="1" type="stmt"/>
        <line num="111" count="1" type="stmt"/>
        <line num="116" count="15" type="cond" truecount="1" falsecount="1"/>
        <line num="117" count="0" type="stmt"/>
        <line num="124" count="15" type="cond" truecount="2" falsecount="0"/>
        <line num="125" count="1" type="stmt"/>
        <line num="133" count="14" type="stmt"/>
      </file>
      <file name="ProductLayout.tsx" path="/Users/danielvega/Documents/FrontEndReact/BPReactNativeApp/src/components/ProductLayout.tsx">
        <metrics statements="19" coveredstatements="19" conditionals="6" coveredconditionals="6" methods="3" coveredmethods="3"/>
        <line num="8" count="1" type="stmt"/>
        <line num="18" count="1" type="stmt"/>
        <line num="19" count="7" type="stmt"/>
        <line num="20" count="7" type="stmt"/>
        <line num="21" count="7" type="stmt"/>
        <line num="23" count="7" type="stmt"/>
        <line num="24" count="3" type="stmt"/>
        <line num="25" count="3" type="stmt"/>
        <line num="26" count="3" type="cond" truecount="2" falsecount="0"/>
        <line num="27" count="1" type="stmt"/>
        <line num="28" count="1" type="stmt"/>
        <line num="30" count="2" type="stmt"/>
        <line num="31" count="2" type="stmt"/>
        <line num="34" count="3" type="stmt"/>
        <line num="37" count="7" type="cond" truecount="2" falsecount="0"/>
        <line num="38" count="4" type="stmt"/>
        <line num="45" count="3" type="cond" truecount="2" falsecount="0"/>
        <line num="46" count="1" type="stmt"/>
        <line num="54" count="2" type="stmt"/>
      </file>
      <file name="SearchBarLayout.tsx" path="/Users/danielvega/Documents/FrontEndReact/BPReactNativeApp/src/components/SearchBarLayout.tsx">
        <metrics statements="7" coveredstatements="7" conditionals="0" coveredconditionals="0" methods="3" coveredmethods="3"/>
        <line num="8" count="1" type="stmt"/>
        <line num="9" count="3" type="stmt"/>
        <line num="11" count="3" type="stmt"/>
        <line num="12" count="1" type="stmt"/>
        <line num="13" count="2" type="stmt"/>
        <line num="15" count="1" type="stmt"/>
        <line num="18" count="3" type="stmt"/>
      </file>
    </package>
    <package name="features">
      <metrics statements="23" coveredstatements="23" conditionals="4" coveredconditionals="4" methods="8" coveredmethods="8"/>
      <file name="ButtonComponent.tsx" path="/Users/danielvega/Documents/FrontEndReact/BPReactNativeApp/src/features/ButtonComponent.tsx">
        <metrics statements="3" coveredstatements="3" conditionals="0" coveredconditionals="0" methods="2" coveredmethods="2"/>
        <line num="4" count="3" type="stmt"/>
        <line num="5" count="33" type="stmt"/>
        <line num="6" count="8" type="stmt"/>
      </file>
      <file name="ElementDetail.tsx" path="/Users/danielvega/Documents/FrontEndReact/BPReactNativeApp/src/features/ElementDetail.tsx">
        <metrics statements="3" coveredstatements="3" conditionals="0" coveredconditionals="0" methods="1" coveredmethods="1"/>
        <line num="4" count="2" type="stmt"/>
        <line num="27" count="2" type="stmt"/>
        <line num="28" count="39" type="stmt"/>
      </file>
      <file name="InputComponent.tsx" path="/Users/danielvega/Documents/FrontEndReact/BPReactNativeApp/src/features/InputComponent.tsx">
        <metrics statements="3" coveredstatements="3" conditionals="0" coveredconditionals="0" methods="1" coveredmethods="1"/>
        <line num="6" count="2" type="stmt"/>
        <line num="22" count="2" type="stmt"/>
        <line num="27" count="5" type="stmt"/>
      </file>
      <file name="LogoDetail.tsx" path="/Users/danielvega/Documents/FrontEndReact/BPReactNativeApp/src/features/LogoDetail.tsx">
        <metrics statements="3" coveredstatements="3" conditionals="0" coveredconditionals="0" methods="1" coveredmethods="1"/>
        <line num="4" count="2" type="stmt"/>
        <line num="34" count="2" type="stmt"/>
        <line num="35" count="11" type="stmt"/>
      </file>
      <file name="LogoTitle.tsx" path="/Users/danielvega/Documents/FrontEndReact/BPReactNativeApp/src/features/LogoTitle.tsx">
        <metrics statements="3" coveredstatements="3" conditionals="0" coveredconditionals="0" methods="1" coveredmethods="1"/>
        <line num="4" count="1" type="stmt"/>
        <line num="24" count="1" type="stmt"/>
        <line num="25" count="2" type="stmt"/>
      </file>
      <file name="PopupComponent.tsx" path="/Users/danielvega/Documents/FrontEndReact/BPReactNativeApp/src/features/PopupComponent.tsx">
        <metrics statements="8" coveredstatements="8" conditionals="4" coveredconditionals="4" methods="2" coveredmethods="2"/>
        <line num="24" count="2" type="stmt"/>
        <line num="74" count="2" type="stmt"/>
        <line num="81" count="13" type="stmt"/>
        <line num="82" count="13" type="stmt"/>
        <line num="83" count="12" type="stmt"/>
        <line num="90" count="13" type="stmt"/>
        <line num="95" count="13" type="cond" truecount="2" falsecount="0"/>
        <line num="97" count="6" type="stmt"/>
      </file>
    </package>
    <package name="services">
      <metrics statements="27" coveredstatements="27" conditionals="0" coveredconditionals="0" methods="8" coveredmethods="6"/>
      <file name="ProductContextProvider.tsx" path="/Users/danielvega/Documents/FrontEndReact/BPReactNativeApp/src/services/ProductContextProvider.tsx">
        <metrics statements="12" coveredstatements="12" conditionals="0" coveredconditionals="0" methods="6" coveredmethods="4"/>
        <line num="13" count="4" type="stmt"/>
        <line num="25" count="4" type="stmt"/>
        <line num="27" count="4" type="stmt"/>
        <line num="30" count="10" type="stmt"/>
        <line num="31" count="10" type="stmt"/>
        <line num="33" count="10" type="stmt"/>
        <line num="34" count="3" type="stmt"/>
        <line num="35" count="3" type="stmt"/>
        <line num="36" count="3" type="stmt"/>
        <line num="39" count="10" type="stmt"/>
        <line num="40" count="3" type="stmt"/>
        <line num="43" count="10" type="stmt"/>
      </file>
      <file name="productServices.ts" path="/Users/danielvega/Documents/FrontEndReact/BPReactNativeApp/src/services/productServices.ts">
        <metrics statements="15" coveredstatements="15" conditionals="0" coveredconditionals="0" methods="2" coveredmethods="2"/>
        <line num="5" count="2" type="stmt"/>
        <line num="6" count="3" type="stmt"/>
        <line num="7" count="3" type="stmt"/>
        <line num="9" count="3" type="stmt"/>
        <line num="10" count="3" type="stmt"/>
        <line num="11" count="2" type="stmt"/>
        <line num="13" count="1" type="stmt"/>
        <line num="15" count="3" type="stmt"/>
        <line num="18" count="2" type="stmt"/>
        <line num="19" count="3" type="stmt"/>
        <line num="20" count="3" type="stmt"/>
        <line num="21" count="3" type="stmt"/>
        <line num="22" count="2" type="stmt"/>
        <line num="24" count="1" type="stmt"/>
        <line num="25" count="1" type="stmt"/>
      </file>
    </package>
  </project>
</coverage>
