{"/Users/danielvega/Documents/FrontEndReact/BPReactNativeApp/src/Types/FetcherTypes.ts": {"path":"/Users/danielvega/Documents/FrontEndReact/BPReactNativeApp/src/Types/FetcherTypes.ts","statementMap":{"0":{"start":{"line":1,"column":22},"end":{"line":1,"column":45}},"1":{"start":{"line":2,"column":30},"end":{"line":2,"column":52}}},"fnMap":{},"branchMap":{},"s":{"0":2,"1":2},"f":{},"b":{},"_coverageSchema":"1a1c01bbd47fc00a2c39e90264f33305004495a9","hash":"8adc9969c2d809662030f6b45ce3d1d2ac715134"}
,"/Users/danielvega/Documents/FrontEndReact/BPReactNativeApp/src/common/AlertMessage.tsx": {"path":"/Users/danielvega/Documents/FrontEndReact/BPReactNativeApp/src/common/AlertMessage.tsx","statementMap":{"0":{"start":{"line":4,"column":15},"end":{"line":10,"column":2}},"1":{"start":{"line":12,"column":21},"end":{"line":29,"column":1}},"2":{"start":{"line":19,"column":36},"end":{"line":19,"column":50}},"3":{"start":{"line":20,"column":2},"end":{"line":28,"column":4}},"4":{"start":{"line":21,"column":48},"end":{"line":21,"column":67}},"5":{"start":{"line":25,"column":31},"end":{"line":25,"column":50}}},"fnMap":{"0":{"name":"(anonymous_0)","decl":{"start":{"line":12,"column":21},"end":{"line":12,"column":22}},"loc":{"start":{"line":18,"column":6},"end":{"line":29,"column":1}},"line":18},"1":{"name":"(anonymous_1)","decl":{"start":{"line":21,"column":42},"end":{"line":21,"column":43}},"loc":{"start":{"line":21,"column":48},"end":{"line":21,"column":67}},"line":21},"2":{"name":"(anonymous_2)","decl":{"start":{"line":25,"column":25},"end":{"line":25,"column":26}},"loc":{"start":{"line":25,"column":31},"end":{"line":25,"column":50}},"line":25}},"branchMap":{},"s":{"0":2,"1":2,"2":6,"3":6,"4":1,"5":2},"f":{"0":6,"1":1,"2":2},"b":{},"_coverageSchema":"1a1c01bbd47fc00a2c39e90264f33305004495a9","hash":"104021152792823186f6d1bec50b9ff3ded00a42"}
,"/Users/danielvega/Documents/FrontEndReact/BPReactNativeApp/src/common/ProductElement.tsx": {"path":"/Users/danielvega/Documents/FrontEndReact/BPReactNativeApp/src/common/ProductElement.tsx","statementMap":{"0":{"start":{"line":12,"column":15},"end":{"line":39,"column":2}},"1":{"start":{"line":41,"column":23},"end":{"line":62,"column":1}},"2":{"start":{"line":42,"column":2},"end":{"line":61,"column":4}}},"fnMap":{"0":{"name":"(anonymous_0)","decl":{"start":{"line":41,"column":23},"end":{"line":41,"column":24}},"loc":{"start":{"line":41,"column":66},"end":{"line":62,"column":1}},"line":41}},"branchMap":{},"s":{"0":2,"1":2,"2":10},"f":{"0":10},"b":{},"_coverageSchema":"1a1c01bbd47fc00a2c39e90264f33305004495a9","hash":"bc5d9410dda47bf7889efd044ae91788307b7b52"}
,"/Users/danielvega/Documents/FrontEndReact/BPReactNativeApp/src/common/ProductList.tsx": {"path":"/Users/danielvega/Documents/FrontEndReact/BPReactNativeApp/src/common/ProductList.tsx","statementMap":{"0":{"start":{"line":6,"column":60},"end":{"line":17,"column":1}},"1":{"start":{"line":7,"column":2},"end":{"line":16,"column":4}},"2":{"start":{"line":14,"column":30},"end":{"line":14,"column":37}}},"fnMap":{"0":{"name":"(anonymous_0)","decl":{"start":{"line":6,"column":60},"end":{"line":6,"column":61}},"loc":{"start":{"line":6,"column":78},"end":{"line":17,"column":1}},"line":6},"1":{"name":"(anonymous_1)","decl":{"start":{"line":14,"column":20},"end":{"line":14,"column":21}},"loc":{"start":{"line":14,"column":30},"end":{"line":14,"column":37}},"line":14}},"branchMap":{"0":{"loc":{"start":{"line":7,"column":9},"end":{"line":16,"column":3}},"type":"cond-expr","locations":[{"start":{"line":8,"column":4},"end":{"line":8,"column":12}},{"start":{"line":10,"column":4},"end":{"line":15,"column":6}}],"line":7}},"s":{"0":1,"1":4,"2":9},"f":{"0":4,"1":9},"b":{"0":[1,3]},"_coverageSchema":"1a1c01bbd47fc00a2c39e90264f33305004495a9","hash":"29a38f4e4d291958abe6413f4542580521052ad2"}
,"/Users/danielvega/Documents/FrontEndReact/BPReactNativeApp/src/components/ProductDetailsLayout.tsx": {"path":"/Users/danielvega/Documents/FrontEndReact/BPReactNativeApp/src/components/ProductDetailsLayout.tsx","statementMap":{"0":{"start":{"line":13,"column":15},"end":{"line":79,"column":2}},"1":{"start":{"line":81,"column":29},"end":{"line":193,"column":1}},"2":{"start":{"line":82,"column":22},"end":{"line":82,"column":44}},"3":{"start":{"line":83,"column":40},"end":{"line":83,"column":59}},"4":{"start":{"line":84,"column":46},"end":{"line":84,"column":70}},"5":{"start":{"line":85,"column":28},"end":{"line":85,"column":54}},"6":{"start":{"line":86,"column":21},"end":{"line":86,"column":36}},"7":{"start":{"line":87,"column":28},"end":{"line":87,"column":55}},"8":{"start":{"line":89,"column":2},"end":{"line":93,"column":16}},"9":{"start":{"line":90,"column":4},"end":{"line":92,"column":5}},"10":{"start":{"line":91,"column":6},"end":{"line":91,"column":52}},"11":{"start":{"line":95,"column":21},"end":{"line":97,"column":3}},"12":{"start":{"line":96,"column":4},"end":{"line":96,"column":24}},"13":{"start":{"line":99,"column":22},"end":{"line":101,"column":3}},"14":{"start":{"line":100,"column":4},"end":{"line":100,"column":39}},"15":{"start":{"line":103,"column":23},"end":{"line":114,"column":3}},"16":{"start":{"line":104,"column":4},"end":{"line":113,"column":5}},"17":{"start":{"line":105,"column":6},"end":{"line":112,"column":7}},"18":{"start":{"line":106,"column":8},"end":{"line":106,"column":47}},"19":{"start":{"line":107,"column":8},"end":{"line":107,"column":43}},"20":{"start":{"line":108,"column":8},"end":{"line":108,"column":24}},"21":{"start":{"line":109,"column":8},"end":{"line":109,"column":46}},"22":{"start":{"line":111,"column":8},"end":{"line":111,"column":34}},"23":{"start":{"line":116,"column":2},"end":{"line":122,"column":3}},"24":{"start":{"line":117,"column":4},"end":{"line":121,"column":6}},"25":{"start":{"line":124,"column":2},"end":{"line":131,"column":3}},"26":{"start":{"line":125,"column":4},"end":{"line":130,"column":6}},"27":{"start":{"line":133,"column":2},"end":{"line":192,"column":4}}},"fnMap":{"0":{"name":"(anonymous_0)","decl":{"start":{"line":81,"column":29},"end":{"line":81,"column":30}},"loc":{"start":{"line":81,"column":75},"end":{"line":193,"column":1}},"line":81},"1":{"name":"(anonymous_1)","decl":{"start":{"line":89,"column":12},"end":{"line":89,"column":13}},"loc":{"start":{"line":89,"column":18},"end":{"line":93,"column":3}},"line":89},"2":{"name":"(anonymous_2)","decl":{"start":{"line":95,"column":21},"end":{"line":95,"column":22}},"loc":{"start":{"line":95,"column":27},"end":{"line":97,"column":3}},"line":95},"3":{"name":"(anonymous_3)","decl":{"start":{"line":99,"column":22},"end":{"line":99,"column":23}},"loc":{"start":{"line":99,"column":28},"end":{"line":101,"column":3}},"line":99},"4":{"name":"(anonymous_4)","decl":{"start":{"line":103,"column":23},"end":{"line":103,"column":24}},"loc":{"start":{"line":103,"column":35},"end":{"line":114,"column":3}},"line":103}},"branchMap":{"0":{"loc":{"start":{"line":90,"column":4},"end":{"line":92,"column":5}},"type":"if","locations":[{"start":{"line":90,"column":4},"end":{"line":92,"column":5}},{"start":{},"end":{}}],"line":90},"1":{"loc":{"start":{"line":104,"column":4},"end":{"line":113,"column":5}},"type":"if","locations":[{"start":{"line":104,"column":4},"end":{"line":113,"column":5}},{"start":{},"end":{}}],"line":104},"2":{"loc":{"start":{"line":116,"column":2},"end":{"line":122,"column":3}},"type":"if","locations":[{"start":{"line":116,"column":2},"end":{"line":122,"column":3}},{"start":{},"end":{}}],"line":116},"3":{"loc":{"start":{"line":124,"column":2},"end":{"line":131,"column":3}},"type":"if","locations":[{"start":{"line":124,"column":2},"end":{"line":131,"column":3}},{"start":{},"end":{}}],"line":124},"4":{"loc":{"start":{"line":134,"column":4},"end":{"line":191,"column":5}},"type":"binary-expr","locations":[{"start":{"line":134,"column":4},"end":{"line":134,"column":15}},{"start":{"line":135,"column":6},"end":{"line":190,"column":13}}],"line":134}},"s":{"0":1,"1":1,"2":15,"3":15,"4":15,"5":15,"6":15,"7":15,"8":15,"9":5,"10":5,"11":15,"12":1,"13":15,"14":2,"15":15,"16":2,"17":2,"18":2,"19":1,"20":1,"21":1,"22":1,"23":15,"24":0,"25":15,"26":1,"27":14},"f":{"0":15,"1":5,"2":1,"3":2,"4":2},"b":{"0":[5,0],"1":[2,0],"2":[0,15],"3":[1,14],"4":[14,9]},"_coverageSchema":"1a1c01bbd47fc00a2c39e90264f33305004495a9","hash":"d67a2bc34c726bdfd909e894a10a8dea232a614a"}
,"/Users/danielvega/Documents/FrontEndReact/BPReactNativeApp/src/components/ProductLayout.tsx": {"path":"/Users/danielvega/Documents/FrontEndReact/BPReactNativeApp/src/components/ProductLayout.tsx","statementMap":{"0":{"start":{"line":8,"column":15},"end":{"line":16,"column":2}},"1":{"start":{"line":18,"column":32},"end":{"line":59,"column":1}},"2":{"start":{"line":19,"column":36},"end":{"line":19,"column":62}},"3":{"start":{"line":20,"column":32},"end":{"line":20,"column":46}},"4":{"start":{"line":21,"column":28},"end":{"line":21,"column":57}},"5":{"start":{"line":23,"column":2},"end":{"line":35,"column":9}},"6":{"start":{"line":24,"column":22},"end":{"line":33,"column":5}},"7":{"start":{"line":25,"column":35},"end":{"line":25,"column":59}},"8":{"start":{"line":26,"column":6},"end":{"line":32,"column":7}},"9":{"start":{"line":27,"column":8},"end":{"line":27,"column":29}},"10":{"start":{"line":28,"column":8},"end":{"line":28,"column":26}},"11":{"start":{"line":30,"column":8},"end":{"line":30,"column":26}},"12":{"start":{"line":31,"column":8},"end":{"line":31,"column":26}},"13":{"start":{"line":34,"column":4},"end":{"line":34,"column":16}},"14":{"start":{"line":37,"column":2},"end":{"line":43,"column":3}},"15":{"start":{"line":38,"column":4},"end":{"line":42,"column":6}},"16":{"start":{"line":45,"column":2},"end":{"line":52,"column":3}},"17":{"start":{"line":46,"column":4},"end":{"line":51,"column":6}},"18":{"start":{"line":54,"column":2},"end":{"line":58,"column":4}}},"fnMap":{"0":{"name":"(anonymous_0)","decl":{"start":{"line":18,"column":32},"end":{"line":18,"column":33}},"loc":{"start":{"line":18,"column":38},"end":{"line":59,"column":1}},"line":18},"1":{"name":"(anonymous_1)","decl":{"start":{"line":23,"column":12},"end":{"line":23,"column":13}},"loc":{"start":{"line":23,"column":18},"end":{"line":35,"column":3}},"line":23},"2":{"name":"(anonymous_2)","decl":{"start":{"line":24,"column":22},"end":{"line":24,"column":23}},"loc":{"start":{"line":24,"column":34},"end":{"line":33,"column":5}},"line":24}},"branchMap":{"0":{"loc":{"start":{"line":26,"column":6},"end":{"line":32,"column":7}},"type":"if","locations":[{"start":{"line":26,"column":6},"end":{"line":32,"column":7}},{"start":{"line":29,"column":13},"end":{"line":32,"column":7}}],"line":26},"1":{"loc":{"start":{"line":37,"column":2},"end":{"line":43,"column":3}},"type":"if","locations":[{"start":{"line":37,"column":2},"end":{"line":43,"column":3}},{"start":{},"end":{}}],"line":37},"2":{"loc":{"start":{"line":45,"column":2},"end":{"line":52,"column":3}},"type":"if","locations":[{"start":{"line":45,"column":2},"end":{"line":52,"column":3}},{"start":{},"end":{}}],"line":45}},"s":{"0":1,"1":1,"2":7,"3":7,"4":7,"5":7,"6":3,"7":3,"8":3,"9":1,"10":1,"11":2,"12":2,"13":3,"14":7,"15":4,"16":3,"17":1,"18":2},"f":{"0":7,"1":3,"2":3},"b":{"0":[1,2],"1":[4,3],"2":[1,2]},"_coverageSchema":"1a1c01bbd47fc00a2c39e90264f33305004495a9","hash":"06b679532c54b36eac77054c9816cdaf7acb23d0"}
,"/Users/danielvega/Documents/FrontEndReact/BPReactNativeApp/src/components/SearchBarLayout.tsx": {"path":"/Users/danielvega/Documents/FrontEndReact/BPReactNativeApp/src/components/SearchBarLayout.tsx","statementMap":{"0":{"start":{"line":8,"column":24},"end":{"line":30,"column":1}},"1":{"start":{"line":9,"column":40},"end":{"line":9,"column":66}},"2":{"start":{"line":11,"column":37},"end":{"line":16,"column":9}},"3":{"start":{"line":12,"column":29},"end":{"line":14,"column":5}},"4":{"start":{"line":13,"column":6},"end":{"line":13,"column":63}},"5":{"start":{"line":15,"column":4},"end":{"line":15,"column":34}},"6":{"start":{"line":18,"column":2},"end":{"line":29,"column":4}}},"fnMap":{"0":{"name":"(anonymous_0)","decl":{"start":{"line":8,"column":24},"end":{"line":8,"column":25}},"loc":{"start":{"line":8,"column":30},"end":{"line":30,"column":1}},"line":8},"1":{"name":"(anonymous_1)","decl":{"start":{"line":11,"column":46},"end":{"line":11,"column":47}},"loc":{"start":{"line":11,"column":66},"end":{"line":16,"column":3}},"line":11},"2":{"name":"(anonymous_2)","decl":{"start":{"line":12,"column":49},"end":{"line":12,"column":50}},"loc":{"start":{"line":13,"column":6},"end":{"line":13,"column":63}},"line":13}},"branchMap":{},"s":{"0":1,"1":3,"2":3,"3":1,"4":2,"5":1,"6":3},"f":{"0":3,"1":1,"2":2},"b":{},"_coverageSchema":"1a1c01bbd47fc00a2c39e90264f33305004495a9","hash":"a20821ea9cf6bc3094d156e398643c543b6149f2"}
,"/Users/danielvega/Documents/FrontEndReact/BPReactNativeApp/src/features/ButtonComponent.tsx": {"path":"/Users/danielvega/Documents/FrontEndReact/BPReactNativeApp/src/features/ButtonComponent.tsx","statementMap":{"0":{"start":{"line":4,"column":47},"end":{"line":10,"column":1}},"1":{"start":{"line":5,"column":2},"end":{"line":9,"column":4}},"2":{"start":{"line":6,"column":90},"end":{"line":6,"column":99}}},"fnMap":{"0":{"name":"(anonymous_0)","decl":{"start":{"line":4,"column":47},"end":{"line":4,"column":48}},"loc":{"start":{"line":4,"column":78},"end":{"line":10,"column":1}},"line":4},"1":{"name":"(anonymous_1)","decl":{"start":{"line":6,"column":84},"end":{"line":6,"column":85}},"loc":{"start":{"line":6,"column":90},"end":{"line":6,"column":99}},"line":6}},"branchMap":{},"s":{"0":3,"1":33,"2":8},"f":{"0":33,"1":8},"b":{},"_coverageSchema":"1a1c01bbd47fc00a2c39e90264f33305004495a9","hash":"a52405022c18155939487ba3b4746e3397656620"}
,"/Users/danielvega/Documents/FrontEndReact/BPReactNativeApp/src/features/ElementDetail.tsx": {"path":"/Users/danielvega/Documents/FrontEndReact/BPReactNativeApp/src/features/ElementDetail.tsx","statementMap":{"0":{"start":{"line":4,"column":15},"end":{"line":25,"column":2}},"1":{"start":{"line":27,"column":52},"end":{"line":34,"column":1}},"2":{"start":{"line":28,"column":2},"end":{"line":33,"column":4}}},"fnMap":{"0":{"name":"(anonymous_0)","decl":{"start":{"line":27,"column":52},"end":{"line":27,"column":53}},"loc":{"start":{"line":27,"column":73},"end":{"line":34,"column":1}},"line":27}},"branchMap":{},"s":{"0":2,"1":2,"2":39},"f":{"0":39},"b":{},"_coverageSchema":"1a1c01bbd47fc00a2c39e90264f33305004495a9","hash":"ad77c9c8fa5718b216db9c831b079742250dbfc2"}
,"/Users/danielvega/Documents/FrontEndReact/BPReactNativeApp/src/features/InputComponent.tsx": {"path":"/Users/danielvega/Documents/FrontEndReact/BPReactNativeApp/src/features/InputComponent.tsx","statementMap":{"0":{"start":{"line":6,"column":15},"end":{"line":20,"column":2}},"1":{"start":{"line":22,"column":45},"end":{"line":32,"column":1}},"2":{"start":{"line":27,"column":2},"end":{"line":31,"column":4}}},"fnMap":{"0":{"name":"(anonymous_0)","decl":{"start":{"line":22,"column":45},"end":{"line":22,"column":46}},"loc":{"start":{"line":26,"column":6},"end":{"line":32,"column":1}},"line":26}},"branchMap":{},"s":{"0":2,"1":2,"2":5},"f":{"0":5},"b":{},"_coverageSchema":"1a1c01bbd47fc00a2c39e90264f33305004495a9","hash":"1310be90d19c1eeda597c44b8ba6f17ad5174e0e"}
,"/Users/danielvega/Documents/FrontEndReact/BPReactNativeApp/src/features/LogoDetail.tsx": {"path":"/Users/danielvega/Documents/FrontEndReact/BPReactNativeApp/src/features/LogoDetail.tsx","statementMap":{"0":{"start":{"line":4,"column":15},"end":{"line":32,"column":2}},"1":{"start":{"line":34,"column":49},"end":{"line":49,"column":1}},"2":{"start":{"line":35,"column":2},"end":{"line":48,"column":4}}},"fnMap":{"0":{"name":"(anonymous_0)","decl":{"start":{"line":34,"column":49},"end":{"line":34,"column":50}},"loc":{"start":{"line":34,"column":70},"end":{"line":49,"column":1}},"line":34}},"branchMap":{},"s":{"0":2,"1":2,"2":11},"f":{"0":11},"b":{},"_coverageSchema":"1a1c01bbd47fc00a2c39e90264f33305004495a9","hash":"e0e8ed27068aca658b161eca4caa0ce9a21143a9"}
,"/Users/danielvega/Documents/FrontEndReact/BPReactNativeApp/src/features/LogoTitle.tsx": {"path":"/Users/danielvega/Documents/FrontEndReact/BPReactNativeApp/src/features/LogoTitle.tsx","statementMap":{"0":{"start":{"line":4,"column":15},"end":{"line":22,"column":2}},"1":{"start":{"line":24,"column":18},"end":{"line":33,"column":1}},"2":{"start":{"line":25,"column":2},"end":{"line":32,"column":4}}},"fnMap":{"0":{"name":"(anonymous_0)","decl":{"start":{"line":24,"column":18},"end":{"line":24,"column":19}},"loc":{"start":{"line":24,"column":24},"end":{"line":33,"column":1}},"line":24}},"branchMap":{},"s":{"0":1,"1":1,"2":2},"f":{"0":2},"b":{},"_coverageSchema":"1a1c01bbd47fc00a2c39e90264f33305004495a9","hash":"be078897d3566eade1d8abb8cf02a510f480b173"}
,"/Users/danielvega/Documents/FrontEndReact/BPReactNativeApp/src/features/PopupComponent.tsx": {"path":"/Users/danielvega/Documents/FrontEndReact/BPReactNativeApp/src/features/PopupComponent.tsx","statementMap":{"0":{"start":{"line":24,"column":20},"end":{"line":72,"column":2}},"1":{"start":{"line":74,"column":45},"end":{"line":132,"column":1}},"2":{"start":{"line":81,"column":24},"end":{"line":81,"column":58}},"3":{"start":{"line":82,"column":2},"end":{"line":88,"column":18}},"4":{"start":{"line":83,"column":4},"end":{"line":87,"column":15}},"5":{"start":{"line":90,"column":21},"end":{"line":93,"column":4}},"6":{"start":{"line":95,"column":2},"end":{"line":95,"column":30}},"7":{"start":{"line":95,"column":18},"end":{"line":95,"column":30}},"8":{"start":{"line":97,"column":2},"end":{"line":131,"column":4}}},"fnMap":{"0":{"name":"(anonymous_0)","decl":{"start":{"line":74,"column":45},"end":{"line":74,"column":46}},"loc":{"start":{"line":80,"column":6},"end":{"line":132,"column":1}},"line":80},"1":{"name":"(anonymous_1)","decl":{"start":{"line":82,"column":12},"end":{"line":82,"column":13}},"loc":{"start":{"line":82,"column":18},"end":{"line":88,"column":3}},"line":82}},"branchMap":{"0":{"loc":{"start":{"line":84,"column":15},"end":{"line":84,"column":32}},"type":"cond-expr","locations":[{"start":{"line":84,"column":27},"end":{"line":84,"column":28}},{"start":{"line":84,"column":31},"end":{"line":84,"column":32}}],"line":84},"1":{"loc":{"start":{"line":95,"column":2},"end":{"line":95,"column":30}},"type":"if","locations":[{"start":{"line":95,"column":2},"end":{"line":95,"column":30}},{"start":{},"end":{}}],"line":95}},"s":{"0":2,"1":2,"2":13,"3":13,"4":12,"5":13,"6":13,"7":7,"8":6},"f":{"0":13,"1":12},"b":{"0":[6,6],"1":[7,6]},"_coverageSchema":"1a1c01bbd47fc00a2c39e90264f33305004495a9","hash":"7559f7af64de9d2982653553b8013c5a6ff3deac"}
,"/Users/danielvega/Documents/FrontEndReact/BPReactNativeApp/src/services/ProductContextProvider.tsx": {"path":"/Users/danielvega/Documents/FrontEndReact/BPReactNativeApp/src/services/ProductContextProvider.tsx","statementMap":{"0":{"start":{"line":13,"column":42},"end":{"line":19,"column":1}},"1":{"start":{"line":25,"column":30},"end":{"line":25,"column":78}},"2":{"start":{"line":27,"column":56},"end":{"line":48,"column":1}},"3":{"start":{"line":30,"column":34},"end":{"line":30,"column":57}},"4":{"start":{"line":31,"column":42},"end":{"line":31,"column":65}},"5":{"start":{"line":33,"column":24},"end":{"line":37,"column":3}},"6":{"start":{"line":34,"column":21},"end":{"line":34,"column":45}},"7":{"start":{"line":35,"column":4},"end":{"line":35,"column":22}},"8":{"start":{"line":36,"column":4},"end":{"line":36,"column":26}},"9":{"start":{"line":39,"column":2},"end":{"line":41,"column":9}},"10":{"start":{"line":40,"column":4},"end":{"line":40,"column":20}},"11":{"start":{"line":43,"column":2},"end":{"line":47,"column":4}}},"fnMap":{"0":{"name":"(anonymous_0)","decl":{"start":{"line":15,"column":15},"end":{"line":15,"column":16}},"loc":{"start":{"line":15,"column":21},"end":{"line":15,"column":23}},"line":15},"1":{"name":"(anonymous_1)","decl":{"start":{"line":17,"column":19},"end":{"line":17,"column":20}},"loc":{"start":{"line":17,"column":25},"end":{"line":17,"column":27}},"line":17},"2":{"name":"(anonymous_2)","decl":{"start":{"line":18,"column":17},"end":{"line":18,"column":18}},"loc":{"start":{"line":18,"column":23},"end":{"line":18,"column":25}},"line":18},"3":{"name":"(anonymous_3)","decl":{"start":{"line":27,"column":56},"end":{"line":27,"column":57}},"loc":{"start":{"line":29,"column":6},"end":{"line":48,"column":1}},"line":29},"4":{"name":"(anonymous_4)","decl":{"start":{"line":33,"column":24},"end":{"line":33,"column":25}},"loc":{"start":{"line":33,"column":36},"end":{"line":37,"column":3}},"line":33},"5":{"name":"(anonymous_5)","decl":{"start":{"line":39,"column":12},"end":{"line":39,"column":13}},"loc":{"start":{"line":39,"column":18},"end":{"line":41,"column":3}},"line":39}},"branchMap":{},"s":{"0":4,"1":4,"2":4,"3":10,"4":10,"5":10,"6":3,"7":3,"8":3,"9":10,"10":3,"11":10},"f":{"0":2,"1":0,"2":0,"3":10,"4":3,"5":3},"b":{},"_coverageSchema":"1a1c01bbd47fc00a2c39e90264f33305004495a9","hash":"fb5ad1569ff2c4aa18b8289f222dc9dba207ac76"}
,"/Users/danielvega/Documents/FrontEndReact/BPReactNativeApp/src/services/productServices.ts": {"path":"/Users/danielvega/Documents/FrontEndReact/BPReactNativeApp/src/services/productServices.ts","statementMap":{"0":{"start":{"line":5,"column":32},"end":{"line":16,"column":1}},"1":{"start":{"line":6,"column":29},"end":{"line":6,"column":31}},"2":{"start":{"line":7,"column":24},"end":{"line":7,"column":28}},"3":{"start":{"line":9,"column":2},"end":{"line":14,"column":3}},"4":{"start":{"line":10,"column":21},"end":{"line":10,"column":52}},"5":{"start":{"line":11,"column":4},"end":{"line":11,"column":30}},"6":{"start":{"line":13,"column":4},"end":{"line":13,"column":28}},"7":{"start":{"line":15,"column":2},"end":{"line":15,"column":30}},"8":{"start":{"line":18,"column":32},"end":{"line":27,"column":1}},"9":{"start":{"line":19,"column":24},"end":{"line":19,"column":28}},"10":{"start":{"line":20,"column":2},"end":{"line":26,"column":3}},"11":{"start":{"line":21,"column":4},"end":{"line":21,"column":50}},"12":{"start":{"line":22,"column":4},"end":{"line":22,"column":42}},"13":{"start":{"line":24,"column":23},"end":{"line":24,"column":28}},"14":{"start":{"line":25,"column":4},"end":{"line":25,"column":43}}},"fnMap":{"0":{"name":"(anonymous_0)","decl":{"start":{"line":5,"column":32},"end":{"line":5,"column":33}},"loc":{"start":{"line":5,"column":44},"end":{"line":16,"column":1}},"line":5},"1":{"name":"(anonymous_1)","decl":{"start":{"line":18,"column":32},"end":{"line":18,"column":33}},"loc":{"start":{"line":18,"column":54},"end":{"line":27,"column":1}},"line":18}},"branchMap":{},"s":{"0":2,"1":3,"2":3,"3":3,"4":3,"5":2,"6":1,"7":3,"8":2,"9":3,"10":3,"11":3,"12":2,"13":1,"14":1},"f":{"0":3,"1":3},"b":{},"_coverageSchema":"1a1c01bbd47fc00a2c39e90264f33305004495a9","hash":"8f1b8a71346a9df5a4197841176a44fbe37c182c"}
}
