{"/Users/danielvega/Documents/FrontEndReact/BPReactNativeApp/src/Types/FetcherTypes.ts": {"path":"/Users/danielvega/Documents/FrontEndReact/BPReactNativeApp/src/Types/FetcherTypes.ts","statementMap":{"0":{"start":{"line":1,"column":22},"end":{"line":1,"column":45}},"1":{"start":{"line":2,"column":30},"end":{"line":2,"column":52}}},"fnMap":{},"branchMap":{},"s":{"0":2,"1":2},"f":{},"b":{},"_coverageSchema":"1a1c01bbd47fc00a2c39e90264f33305004495a9","hash":"8adc9969c2d809662030f6b45ce3d1d2ac715134"}
,"/Users/danielvega/Documents/FrontEndReact/BPReactNativeApp/src/common/AlertMessage.tsx": {"path":"/Users/danielvega/Documents/FrontEndReact/BPReactNativeApp/src/common/AlertMessage.tsx","statementMap":{"0":{"start":{"line":4,"column":15},"end":{"line":10,"column":2}},"1":{"start":{"line":12,"column":21},"end":{"line":29,"column":1}},"2":{"start":{"line":19,"column":36},"end":{"line":19,"column":50}},"3":{"start":{"line":20,"column":2},"end":{"line":28,"column":4}},"4":{"start":{"line":21,"column":48},"end":{"line":21,"column":67}},"5":{"start":{"line":25,"column":31},"end":{"line":25,"column":50}}},"fnMap":{"0":{"name":"(anonymous_0)","decl":{"start":{"line":12,"column":21},"end":{"line":12,"column":22}},"loc":{"start":{"line":18,"column":6},"end":{"line":29,"column":1}},"line":18},"1":{"name":"(anonymous_1)","decl":{"start":{"line":21,"column":42},"end":{"line":21,"column":43}},"loc":{"start":{"line":21,"column":48},"end":{"line":21,"column":67}},"line":21},"2":{"name":"(anonymous_2)","decl":{"start":{"line":25,"column":25},"end":{"line":25,"column":26}},"loc":{"start":{"line":25,"column":31},"end":{"line":25,"column":50}},"line":25}},"branchMap":{},"s":{"0":2,"1":2,"2":6,"3":6,"4":1,"5":2},"f":{"0":6,"1":1,"2":2},"b":{},"_coverageSchema":"1a1c01bbd47fc00a2c39e90264f33305004495a9","hash":"104021152792823186f6d1bec50b9ff3ded00a42"}
,"/Users/danielvega/Documents/FrontEndReact/BPReactNativeApp/src/common/ProductElement.tsx": {"path":"/Users/danielvega/Documents/FrontEndReact/BPReactNativeApp/src/common/ProductElement.tsx","statementMap":{"0":{"start":{"line":12,"column":15},"end":{"line":39,"column":2}},"1":{"start":{"line":41,"column":23},"end":{"line":62,"column":1}},"2":{"start":{"line":42,"column":2},"end":{"line":61,"column":4}}},"fnMap":{"0":{"name":"(anonymous_0)","decl":{"start":{"line":41,"column":23},"end":{"line":41,"column":24}},"loc":{"start":{"line":41,"column":66},"end":{"line":62,"column":1}},"line":41}},"branchMap":{},"s":{"0":2,"1":2,"2":10},"f":{"0":10},"b":{},"_coverageSchema":"1a1c01bbd47fc00a2c39e90264f33305004495a9","hash":"bc5d9410dda47bf7889efd044ae91788307b7b52"}
,"/Users/danielvega/Documents/FrontEndReact/BPReactNativeApp/src/common/ProductList.tsx": {"path":"/Users/danielvega/Documents/FrontEndReact/BPReactNativeApp/src/common/ProductList.tsx","statementMap":{"0":{"start":{"line":6,"column":60},"end":{"line":17,"column":1}},"1":{"start":{"line":7,"column":2},"end":{"line":16,"column":4}},"2":{"start":{"line":14,"column":30},"end":{"line":14,"column":37}}},"fnMap":{"0":{"name":"(anonymous_0)","decl":{"start":{"line":6,"column":60},"end":{"line":6,"column":61}},"loc":{"start":{"line":6,"column":78},"end":{"line":17,"column":1}},"line":6},"1":{"name":"(anonymous_1)","decl":{"start":{"line":14,"column":20},"end":{"line":14,"column":21}},"loc":{"start":{"line":14,"column":30},"end":{"line":14,"column":37}},"line":14}},"branchMap":{"0":{"loc":{"start":{"line":7,"column":9},"end":{"line":16,"column":3}},"type":"cond-expr","locations":[{"start":{"line":8,"column":4},"end":{"line":8,"column":12}},{"start":{"line":10,"column":4},"end":{"line":15,"column":6}}],"line":7}},"s":{"0":1,"1":4,"2":9},"f":{"0":4,"1":9},"b":{"0":[1,3]},"_coverageSchema":"1a1c01bbd47fc00a2c39e90264f33305004495a9","hash":"29a38f4e4d291958abe6413f4542580521052ad2"}
,"/Users/danielvega/Documents/FrontEndReact/BPReactNativeApp/src/components/ProductDetailsLayout.tsx": {"path":"/Users/danielvega/Documents/FrontEndReact/BPReactNativeApp/src/components/ProductDetailsLayout.tsx","statementMap":{"0":{"start":{"line":11,"column":15},"end":{"line":77,"column":2}},"1":{"start":{"line":79,"column":29},"end":{"line":177,"column":1}},"2":{"start":{"line":80,"column":22},"end":{"line":80,"column":44}},"3":{"start":{"line":81,"column":40},"end":{"line":81,"column":59}},"4":{"start":{"line":82,"column":46},"end":{"line":82,"column":70}},"5":{"start":{"line":84,"column":2},"end":{"line":88,"column":16}},"6":{"start":{"line":85,"column":4},"end":{"line":87,"column":5}},"7":{"start":{"line":86,"column":6},"end":{"line":86,"column":52}},"8":{"start":{"line":90,"column":21},"end":{"line":92,"column":3}},"9":{"start":{"line":91,"column":4},"end":{"line":91,"column":24}},"10":{"start":{"line":94,"column":22},"end":{"line":96,"column":3}},"11":{"start":{"line":95,"column":4},"end":{"line":95,"column":39}},"12":{"start":{"line":98,"column":23},"end":{"line":107,"column":3}},"13":{"start":{"line":99,"column":4},"end":{"line":106,"column":5}},"14":{"start":{"line":100,"column":6},"end":{"line":105,"column":7}},"15":{"start":{"line":101,"column":8},"end":{"line":101,"column":47}},"16":{"start":{"line":102,"column":8},"end":{"line":102,"column":43}},"17":{"start":{"line":104,"column":8},"end":{"line":104,"column":27}},"18":{"start":{"line":109,"column":2},"end":{"line":115,"column":3}},"19":{"start":{"line":110,"column":4},"end":{"line":114,"column":6}},"20":{"start":{"line":117,"column":2},"end":{"line":176,"column":4}}},"fnMap":{"0":{"name":"(anonymous_0)","decl":{"start":{"line":79,"column":29},"end":{"line":79,"column":30}},"loc":{"start":{"line":79,"column":35},"end":{"line":177,"column":1}},"line":79},"1":{"name":"(anonymous_1)","decl":{"start":{"line":84,"column":12},"end":{"line":84,"column":13}},"loc":{"start":{"line":84,"column":18},"end":{"line":88,"column":3}},"line":84},"2":{"name":"(anonymous_2)","decl":{"start":{"line":90,"column":21},"end":{"line":90,"column":22}},"loc":{"start":{"line":90,"column":27},"end":{"line":92,"column":3}},"line":90},"3":{"name":"(anonymous_3)","decl":{"start":{"line":94,"column":22},"end":{"line":94,"column":23}},"loc":{"start":{"line":94,"column":28},"end":{"line":96,"column":3}},"line":94},"4":{"name":"(anonymous_4)","decl":{"start":{"line":98,"column":23},"end":{"line":98,"column":24}},"loc":{"start":{"line":98,"column":35},"end":{"line":107,"column":3}},"line":98}},"branchMap":{"0":{"loc":{"start":{"line":85,"column":4},"end":{"line":87,"column":5}},"type":"if","locations":[{"start":{"line":85,"column":4},"end":{"line":87,"column":5}},{"start":{},"end":{}}],"line":85},"1":{"loc":{"start":{"line":99,"column":4},"end":{"line":106,"column":5}},"type":"if","locations":[{"start":{"line":99,"column":4},"end":{"line":106,"column":5}},{"start":{},"end":{}}],"line":99},"2":{"loc":{"start":{"line":109,"column":2},"end":{"line":115,"column":3}},"type":"if","locations":[{"start":{"line":109,"column":2},"end":{"line":115,"column":3}},{"start":{},"end":{}}],"line":109},"3":{"loc":{"start":{"line":118,"column":4},"end":{"line":175,"column":5}},"type":"binary-expr","locations":[{"start":{"line":118,"column":4},"end":{"line":118,"column":15}},{"start":{"line":119,"column":6},"end":{"line":174,"column":13}}],"line":118}},"s":{"0":1,"1":1,"2":4,"3":4,"4":4,"5":4,"6":4,"7":0,"8":4,"9":0,"10":4,"11":0,"12":4,"13":0,"14":0,"15":0,"16":0,"17":0,"18":4,"19":4,"20":0},"f":{"0":4,"1":4,"2":0,"3":0,"4":0},"b":{"0":[0,4],"1":[0,0],"2":[4,0],"3":[0,0]},"_coverageSchema":"1a1c01bbd47fc00a2c39e90264f33305004495a9","hash":"19e0e3bd78c1d565c917cba2f2e929838fbf61c9"}
,"/Users/danielvega/Documents/FrontEndReact/BPReactNativeApp/src/components/ProductLayout.tsx": {"path":"/Users/danielvega/Documents/FrontEndReact/BPReactNativeApp/src/components/ProductLayout.tsx","statementMap":{"0":{"start":{"line":8,"column":15},"end":{"line":16,"column":2}},"1":{"start":{"line":18,"column":32},"end":{"line":59,"column":1}},"2":{"start":{"line":19,"column":34},"end":{"line":19,"column":62}},"3":{"start":{"line":20,"column":32},"end":{"line":20,"column":46}},"4":{"start":{"line":21,"column":28},"end":{"line":21,"column":57}},"5":{"start":{"line":23,"column":2},"end":{"line":35,"column":9}},"6":{"start":{"line":24,"column":22},"end":{"line":33,"column":5}},"7":{"start":{"line":25,"column":35},"end":{"line":25,"column":59}},"8":{"start":{"line":26,"column":6},"end":{"line":32,"column":7}},"9":{"start":{"line":27,"column":8},"end":{"line":27,"column":29}},"10":{"start":{"line":28,"column":8},"end":{"line":28,"column":26}},"11":{"start":{"line":30,"column":8},"end":{"line":30,"column":26}},"12":{"start":{"line":31,"column":8},"end":{"line":31,"column":26}},"13":{"start":{"line":34,"column":4},"end":{"line":34,"column":16}},"14":{"start":{"line":37,"column":2},"end":{"line":43,"column":3}},"15":{"start":{"line":38,"column":4},"end":{"line":42,"column":6}},"16":{"start":{"line":45,"column":2},"end":{"line":52,"column":3}},"17":{"start":{"line":46,"column":4},"end":{"line":51,"column":6}},"18":{"start":{"line":54,"column":2},"end":{"line":58,"column":4}}},"fnMap":{"0":{"name":"(anonymous_0)","decl":{"start":{"line":18,"column":32},"end":{"line":18,"column":33}},"loc":{"start":{"line":18,"column":38},"end":{"line":59,"column":1}},"line":18},"1":{"name":"(anonymous_1)","decl":{"start":{"line":23,"column":12},"end":{"line":23,"column":13}},"loc":{"start":{"line":23,"column":18},"end":{"line":35,"column":3}},"line":23},"2":{"name":"(anonymous_2)","decl":{"start":{"line":24,"column":22},"end":{"line":24,"column":23}},"loc":{"start":{"line":24,"column":34},"end":{"line":33,"column":5}},"line":24}},"branchMap":{"0":{"loc":{"start":{"line":26,"column":6},"end":{"line":32,"column":7}},"type":"if","locations":[{"start":{"line":26,"column":6},"end":{"line":32,"column":7}},{"start":{"line":29,"column":13},"end":{"line":32,"column":7}}],"line":26},"1":{"loc":{"start":{"line":37,"column":2},"end":{"line":43,"column":3}},"type":"if","locations":[{"start":{"line":37,"column":2},"end":{"line":43,"column":3}},{"start":{},"end":{}}],"line":37},"2":{"loc":{"start":{"line":45,"column":2},"end":{"line":52,"column":3}},"type":"if","locations":[{"start":{"line":45,"column":2},"end":{"line":52,"column":3}},{"start":{},"end":{}}],"line":45}},"s":{"0":1,"1":1,"2":9,"3":9,"4":9,"5":9,"6":3,"7":3,"8":3,"9":1,"10":1,"11":2,"12":2,"13":3,"14":9,"15":6,"16":3,"17":1,"18":2},"f":{"0":9,"1":3,"2":3},"b":{"0":[1,2],"1":[6,3],"2":[1,2]},"_coverageSchema":"1a1c01bbd47fc00a2c39e90264f33305004495a9","hash":"932b3c0d4627243ba50313842aa9108d002934e5"}
,"/Users/danielvega/Documents/FrontEndReact/BPReactNativeApp/src/features/ButtonComponent.tsx": {"path":"/Users/danielvega/Documents/FrontEndReact/BPReactNativeApp/src/features/ButtonComponent.tsx","statementMap":{"0":{"start":{"line":4,"column":47},"end":{"line":10,"column":1}},"1":{"start":{"line":5,"column":2},"end":{"line":9,"column":4}},"2":{"start":{"line":6,"column":90},"end":{"line":6,"column":99}}},"fnMap":{"0":{"name":"(anonymous_0)","decl":{"start":{"line":4,"column":47},"end":{"line":4,"column":48}},"loc":{"start":{"line":4,"column":78},"end":{"line":10,"column":1}},"line":4},"1":{"name":"(anonymous_1)","decl":{"start":{"line":6,"column":84},"end":{"line":6,"column":85}},"loc":{"start":{"line":6,"column":90},"end":{"line":6,"column":99}},"line":6}},"branchMap":{},"s":{"0":3,"1":11,"2":3},"f":{"0":11,"1":3},"b":{},"_coverageSchema":"1a1c01bbd47fc00a2c39e90264f33305004495a9","hash":"a52405022c18155939487ba3b4746e3397656620"}
,"/Users/danielvega/Documents/FrontEndReact/BPReactNativeApp/src/features/ElementDetail.tsx": {"path":"/Users/danielvega/Documents/FrontEndReact/BPReactNativeApp/src/features/ElementDetail.tsx","statementMap":{"0":{"start":{"line":4,"column":15},"end":{"line":25,"column":2}},"1":{"start":{"line":27,"column":52},"end":{"line":34,"column":1}},"2":{"start":{"line":28,"column":2},"end":{"line":33,"column":4}}},"fnMap":{"0":{"name":"(anonymous_0)","decl":{"start":{"line":27,"column":52},"end":{"line":27,"column":53}},"loc":{"start":{"line":27,"column":73},"end":{"line":34,"column":1}},"line":27}},"branchMap":{},"s":{"0":2,"1":2,"2":3},"f":{"0":3},"b":{},"_coverageSchema":"1a1c01bbd47fc00a2c39e90264f33305004495a9","hash":"ad77c9c8fa5718b216db9c831b079742250dbfc2"}
,"/Users/danielvega/Documents/FrontEndReact/BPReactNativeApp/src/features/LogoDetail.tsx": {"path":"/Users/danielvega/Documents/FrontEndReact/BPReactNativeApp/src/features/LogoDetail.tsx","statementMap":{"0":{"start":{"line":4,"column":15},"end":{"line":32,"column":2}},"1":{"start":{"line":34,"column":49},"end":{"line":49,"column":1}},"2":{"start":{"line":35,"column":2},"end":{"line":48,"column":4}}},"fnMap":{"0":{"name":"(anonymous_0)","decl":{"start":{"line":34,"column":49},"end":{"line":34,"column":50}},"loc":{"start":{"line":34,"column":70},"end":{"line":49,"column":1}},"line":34}},"branchMap":{},"s":{"0":2,"1":2,"2":2},"f":{"0":2},"b":{},"_coverageSchema":"1a1c01bbd47fc00a2c39e90264f33305004495a9","hash":"e0e8ed27068aca658b161eca4caa0ce9a21143a9"}
,"/Users/danielvega/Documents/FrontEndReact/BPReactNativeApp/src/features/LogoTitle.tsx": {"path":"/Users/danielvega/Documents/FrontEndReact/BPReactNativeApp/src/features/LogoTitle.tsx","statementMap":{"0":{"start":{"line":4,"column":15},"end":{"line":22,"column":2}},"1":{"start":{"line":24,"column":18},"end":{"line":33,"column":1}},"2":{"start":{"line":25,"column":2},"end":{"line":32,"column":4}}},"fnMap":{"0":{"name":"(anonymous_0)","decl":{"start":{"line":24,"column":18},"end":{"line":24,"column":19}},"loc":{"start":{"line":24,"column":24},"end":{"line":33,"column":1}},"line":24}},"branchMap":{},"s":{"0":1,"1":1,"2":2},"f":{"0":2},"b":{},"_coverageSchema":"1a1c01bbd47fc00a2c39e90264f33305004495a9","hash":"be078897d3566eade1d8abb8cf02a510f480b173"}
,"/Users/danielvega/Documents/FrontEndReact/BPReactNativeApp/src/features/PopupComponent.tsx": {"path":"/Users/danielvega/Documents/FrontEndReact/BPReactNativeApp/src/features/PopupComponent.tsx","statementMap":{"0":{"start":{"line":24,"column":20},"end":{"line":72,"column":2}},"1":{"start":{"line":74,"column":45},"end":{"line":132,"column":1}},"2":{"start":{"line":81,"column":24},"end":{"line":81,"column":58}},"3":{"start":{"line":82,"column":2},"end":{"line":88,"column":18}},"4":{"start":{"line":83,"column":4},"end":{"line":87,"column":15}},"5":{"start":{"line":90,"column":21},"end":{"line":93,"column":4}},"6":{"start":{"line":95,"column":2},"end":{"line":95,"column":30}},"7":{"start":{"line":95,"column":18},"end":{"line":95,"column":30}},"8":{"start":{"line":97,"column":2},"end":{"line":131,"column":4}}},"fnMap":{"0":{"name":"(anonymous_0)","decl":{"start":{"line":74,"column":45},"end":{"line":74,"column":46}},"loc":{"start":{"line":80,"column":6},"end":{"line":132,"column":1}},"line":80},"1":{"name":"(anonymous_1)","decl":{"start":{"line":82,"column":12},"end":{"line":82,"column":13}},"loc":{"start":{"line":82,"column":18},"end":{"line":88,"column":3}},"line":82}},"branchMap":{"0":{"loc":{"start":{"line":84,"column":15},"end":{"line":84,"column":32}},"type":"cond-expr","locations":[{"start":{"line":84,"column":27},"end":{"line":84,"column":28}},{"start":{"line":84,"column":31},"end":{"line":84,"column":32}}],"line":84},"1":{"loc":{"start":{"line":95,"column":2},"end":{"line":95,"column":30}},"type":"if","locations":[{"start":{"line":95,"column":2},"end":{"line":95,"column":30}},{"start":{},"end":{}}],"line":95}},"s":{"0":2,"1":2,"2":4,"3":4,"4":4,"5":4,"6":4,"7":0,"8":4},"f":{"0":4,"1":4},"b":{"0":[4,0],"1":[0,4]},"_coverageSchema":"1a1c01bbd47fc00a2c39e90264f33305004495a9","hash":"7559f7af64de9d2982653553b8013c5a6ff3deac"}
,"/Users/danielvega/Documents/FrontEndReact/BPReactNativeApp/src/services/productServices.ts": {"path":"/Users/danielvega/Documents/FrontEndReact/BPReactNativeApp/src/services/productServices.ts","statementMap":{"0":{"start":{"line":5,"column":32},"end":{"line":16,"column":1}},"1":{"start":{"line":6,"column":29},"end":{"line":6,"column":31}},"2":{"start":{"line":7,"column":24},"end":{"line":7,"column":28}},"3":{"start":{"line":9,"column":2},"end":{"line":14,"column":3}},"4":{"start":{"line":10,"column":21},"end":{"line":10,"column":52}},"5":{"start":{"line":11,"column":4},"end":{"line":11,"column":30}},"6":{"start":{"line":13,"column":4},"end":{"line":13,"column":28}},"7":{"start":{"line":15,"column":2},"end":{"line":15,"column":30}},"8":{"start":{"line":18,"column":32},"end":{"line":27,"column":1}},"9":{"start":{"line":19,"column":24},"end":{"line":19,"column":28}},"10":{"start":{"line":20,"column":2},"end":{"line":26,"column":3}},"11":{"start":{"line":21,"column":4},"end":{"line":21,"column":50}},"12":{"start":{"line":22,"column":4},"end":{"line":22,"column":42}},"13":{"start":{"line":24,"column":23},"end":{"line":24,"column":28}},"14":{"start":{"line":25,"column":4},"end":{"line":25,"column":43}}},"fnMap":{"0":{"name":"(anonymous_0)","decl":{"start":{"line":5,"column":32},"end":{"line":5,"column":33}},"loc":{"start":{"line":5,"column":44},"end":{"line":16,"column":1}},"line":5},"1":{"name":"(anonymous_1)","decl":{"start":{"line":18,"column":32},"end":{"line":18,"column":33}},"loc":{"start":{"line":18,"column":54},"end":{"line":27,"column":1}},"line":18}},"branchMap":{},"s":{"0":2,"1":3,"2":3,"3":3,"4":3,"5":2,"6":1,"7":3,"8":2,"9":3,"10":3,"11":3,"12":2,"13":1,"14":1},"f":{"0":3,"1":3},"b":{},"_coverageSchema":"1a1c01bbd47fc00a2c39e90264f33305004495a9","hash":"8f1b8a71346a9df5a4197841176a44fbe37c182c"}
}
