TN:
SF:src/Types/FetcherTypes.ts
FNF:0
FNH:0
DA:1,2
DA:2,2
LF:2
LH:2
BRF:0
BRH:0
end_of_record
TN:
SF:src/common/AlertMessage.tsx
FN:12,(anonymous_0)
FN:21,(anonymous_1)
FN:25,(anonymous_2)
FNF:3
FNH:3
FNDA:6,(anonymous_0)
FNDA:1,(anonymous_1)
FNDA:2,(anonymous_2)
DA:4,2
DA:12,2
DA:19,6
DA:20,6
DA:21,1
DA:25,2
LF:6
LH:6
BRF:0
BRH:0
end_of_record
TN:
SF:src/common/ProductElement.tsx
FN:41,(anonymous_0)
FNF:1
FNH:1
FNDA:10,(anonymous_0)
DA:12,2
DA:41,2
DA:42,10
LF:3
LH:3
BRF:0
BRH:0
end_of_record
TN:
SF:src/common/ProductList.tsx
FN:6,(anonymous_0)
FN:14,(anonymous_1)
FNF:2
FNH:2
FNDA:4,(anonymous_0)
FNDA:9,(anonymous_1)
DA:6,1
DA:7,4
DA:14,9
LF:3
LH:3
BRDA:7,0,0,1
BRDA:7,0,1,3
BRF:2
BRH:2
end_of_record
TN:
SF:src/components/ProductDetailsLayout.tsx
FN:81,(anonymous_0)
FN:89,(anonymous_1)
FN:95,(anonymous_2)
FN:99,(anonymous_3)
FN:103,(anonymous_4)
FNF:5
FNH:5
FNDA:15,(anonymous_0)
FNDA:5,(anonymous_1)
FNDA:1,(anonymous_2)
FNDA:2,(anonymous_3)
FNDA:2,(anonymous_4)
DA:13,1
DA:81,1
DA:82,15
DA:83,15
DA:84,15
DA:85,15
DA:86,15
DA:87,15
DA:89,15
DA:90,5
DA:91,5
DA:95,15
DA:96,1
DA:99,15
DA:100,2
DA:103,15
DA:104,2
DA:105,2
DA:106,2
DA:107,1
DA:108,1
DA:109,1
DA:111,1
DA:116,15
DA:117,0
DA:124,15
DA:125,1
DA:133,14
LF:28
LH:27
BRDA:90,0,0,5
BRDA:90,0,1,0
BRDA:104,1,0,2
BRDA:104,1,1,0
BRDA:116,2,0,0
BRDA:116,2,1,15
BRDA:124,3,0,1
BRDA:124,3,1,14
BRDA:134,4,0,14
BRDA:134,4,1,9
BRF:10
BRH:7
end_of_record
TN:
SF:src/components/ProductLayout.tsx
FN:18,(anonymous_0)
FN:23,(anonymous_1)
FN:24,(anonymous_2)
FNF:3
FNH:3
FNDA:7,(anonymous_0)
FNDA:3,(anonymous_1)
FNDA:3,(anonymous_2)
DA:8,1
DA:18,1
DA:19,7
DA:20,7
DA:21,7
DA:23,7
DA:24,3
DA:25,3
DA:26,3
DA:27,1
DA:28,1
DA:30,2
DA:31,2
DA:34,3
DA:37,7
DA:38,4
DA:45,3
DA:46,1
DA:54,2
LF:19
LH:19
BRDA:26,0,0,1
BRDA:26,0,1,2
BRDA:37,1,0,4
BRDA:37,1,1,3
BRDA:45,2,0,1
BRDA:45,2,1,2
BRF:6
BRH:6
end_of_record
TN:
SF:src/components/SearchBarLayout.tsx
FN:8,(anonymous_0)
FN:11,(anonymous_1)
FN:12,(anonymous_2)
FNF:3
FNH:3
FNDA:3,(anonymous_0)
FNDA:1,(anonymous_1)
FNDA:2,(anonymous_2)
DA:8,1
DA:9,3
DA:11,3
DA:12,1
DA:13,2
DA:15,1
DA:18,3
LF:7
LH:7
BRF:0
BRH:0
end_of_record
TN:
SF:src/features/ButtonComponent.tsx
FN:4,(anonymous_0)
FN:6,(anonymous_1)
FNF:2
FNH:2
FNDA:33,(anonymous_0)
FNDA:8,(anonymous_1)
DA:4,3
DA:5,33
DA:6,8
LF:3
LH:3
BRF:0
BRH:0
end_of_record
TN:
SF:src/features/ElementDetail.tsx
FN:27,(anonymous_0)
FNF:1
FNH:1
FNDA:39,(anonymous_0)
DA:4,2
DA:27,2
DA:28,39
LF:3
LH:3
BRF:0
BRH:0
end_of_record
TN:
SF:src/features/InputComponent.tsx
FN:22,(anonymous_0)
FNF:1
FNH:1
FNDA:5,(anonymous_0)
DA:6,2
DA:22,2
DA:27,5
LF:3
LH:3
BRF:0
BRH:0
end_of_record
TN:
SF:src/features/LogoDetail.tsx
FN:34,(anonymous_0)
FNF:1
FNH:1
FNDA:11,(anonymous_0)
DA:4,2
DA:34,2
DA:35,11
LF:3
LH:3
BRF:0
BRH:0
end_of_record
TN:
SF:src/features/LogoTitle.tsx
FN:24,(anonymous_0)
FNF:1
FNH:1
FNDA:2,(anonymous_0)
DA:4,1
DA:24,1
DA:25,2
LF:3
LH:3
BRF:0
BRH:0
end_of_record
TN:
SF:src/features/PopupComponent.tsx
FN:74,(anonymous_0)
FN:82,(anonymous_1)
FNF:2
FNH:2
FNDA:13,(anonymous_0)
FNDA:12,(anonymous_1)
DA:24,2
DA:74,2
DA:81,13
DA:82,13
DA:83,12
DA:90,13
DA:95,13
DA:97,6
LF:8
LH:8
BRDA:84,0,0,6
BRDA:84,0,1,6
BRDA:95,1,0,7
BRDA:95,1,1,6
BRF:4
BRH:4
end_of_record
TN:
SF:src/services/ProductContextProvider.tsx
FN:15,(anonymous_0)
FN:17,(anonymous_1)
FN:18,(anonymous_2)
FN:27,(anonymous_3)
FN:33,(anonymous_4)
FN:39,(anonymous_5)
FNF:6
FNH:4
FNDA:2,(anonymous_0)
FNDA:0,(anonymous_1)
FNDA:0,(anonymous_2)
FNDA:10,(anonymous_3)
FNDA:3,(anonymous_4)
FNDA:3,(anonymous_5)
DA:13,4
DA:25,4
DA:27,4
DA:30,10
DA:31,10
DA:33,10
DA:34,3
DA:35,3
DA:36,3
DA:39,10
DA:40,3
DA:43,10
LF:12
LH:12
BRF:0
BRH:0
end_of_record
TN:
SF:src/services/productServices.ts
FN:5,(anonymous_0)
FN:18,(anonymous_1)
FNF:2
FNH:2
FNDA:3,(anonymous_0)
FNDA:3,(anonymous_1)
DA:5,2
DA:6,3
DA:7,3
DA:9,3
DA:10,3
DA:11,2
DA:13,1
DA:15,3
DA:18,2
DA:19,3
DA:20,3
DA:21,3
DA:22,2
DA:24,1
DA:25,1
LF:15
LH:15
BRF:0
BRH:0
end_of_record
