TN:
SF:src/Types/FetcherTypes.ts
FNF:0
FNH:0
DA:1,1
DA:2,1
LF:2
LH:2
BRF:0
BRH:0
end_of_record
TN:
SF:src/common/AlertMessage.tsx
FN:12,(anonymous_0)
FN:21,(anonymous_1)
FN:25,(anonymous_2)
FNF:3
FNH:3
FNDA:6,(anonymous_0)
FNDA:1,(anonymous_1)
FNDA:2,(anonymous_2)
DA:4,2
DA:12,2
DA:19,6
DA:20,6
DA:21,1
DA:25,2
LF:6
LH:6
BRF:0
BRH:0
end_of_record
TN:
SF:src/common/ProductElement.tsx
FN:32,(anonymous_0)
FNF:1
FNH:1
FNDA:10,(anonymous_0)
DA:6,2
DA:32,2
DA:33,10
LF:3
LH:3
BRF:0
BRH:0
end_of_record
TN:
SF:src/common/ProductList.tsx
FN:6,(anonymous_0)
FN:14,(anonymous_1)
FNF:2
FNH:2
FNDA:4,(anonymous_0)
FNDA:9,(anonymous_1)
DA:6,1
DA:7,4
DA:14,9
LF:3
LH:3
BRDA:7,0,0,1
BRDA:7,0,1,3
BRF:2
BRH:2
end_of_record
TN:
SF:src/components/ProductLayout.tsx
FN:17,(anonymous_0)
FN:22,(anonymous_1)
FN:23,(anonymous_2)
FNF:3
FNH:3
FNDA:9,(anonymous_0)
FNDA:3,(anonymous_1)
FNDA:3,(anonymous_2)
DA:7,1
DA:17,1
DA:18,9
DA:19,9
DA:20,9
DA:22,9
DA:23,3
DA:24,3
DA:25,3
DA:26,1
DA:27,1
DA:29,2
DA:30,2
DA:33,3
DA:36,9
DA:37,6
DA:44,3
DA:45,1
DA:53,2
LF:19
LH:19
BRDA:25,0,0,1
BRDA:25,0,1,2
BRDA:36,1,0,6
BRDA:36,1,1,3
BRDA:44,2,0,1
BRDA:44,2,1,2
BRF:6
BRH:6
end_of_record
TN:
SF:src/features/LogoTitle.tsx
FN:24,(anonymous_0)
FNF:1
FNH:1
FNDA:2,(anonymous_0)
DA:4,1
DA:24,1
DA:25,2
LF:3
LH:3
BRF:0
BRH:0
end_of_record
TN:
SF:src/services/productServices.ts
FN:13,(anonymous_0)
FNF:1
FNH:1
FNDA:3,(anonymous_0)
DA:13,1
DA:14,3
DA:15,3
DA:17,3
DA:18,3
DA:19,2
DA:21,1
DA:23,3
LF:8
LH:8
BRF:0
BRH:0
end_of_record
